<?xml version="1.0" encoding="UTF-8"?>
<!-- Generated by org.testng.reporters.JUnitReportReporter -->
<testsuite skipped="0" hostname="Oshins-MacBook-Pro.local" name="com.WeatherTest.com.WeatherComparison.TC01_ValidationOfWeather" tests="2" failures="0" timestamp="2020-09-25T00:51:45 IST" time="9.251" errors="0">
  <testcase name="readDataFromExcel" time="0.512" classname="com.WeatherTest.com.WeatherComparison.TC01_ValidationOfWeather"/>
  <system-out/>
  <testcase name="getApiResponse" time="8.739" classname="com.WeatherTest.com.WeatherComparison.TC01_ValidationOfWeather"/>
  <system-out/>
</testsuite> <!-- com.WeatherTest.com.WeatherComparison.TC01_ValidationOfWeather -->
