<?xml version="1.0" encoding="UTF-8"?>
<!-- Generated by org.testng.reporters.JUnitReportReporter -->
<testsuite skipped="0" hostname="Oshins-MacBook-Pro.local" name="com.WeatherTest.com.WeatherComparison.TC01" tests="2" failures="0" timestamp="2020-09-25T00:37:30 IST" time="10.407" errors="0">
  <testcase name="getApiResponse" time="9.843" classname="com.WeatherTest.com.WeatherComparison.TC01"/>
  <system-out/>
  <testcase name="readDataFromExcel" time="0.564" classname="com.WeatherTest.com.WeatherComparison.TC01"/>
  <system-out/>
</testsuite> <!-- com.WeatherTest.com.WeatherComparison.TC01 -->
